#
# There is insufficient memory for the Java Runtime Environment to continue.
# Native memory allocation (mmap) failed to map 67108864 bytes for Failed to commit area from 0x00000000c0e00000 to 0x00000000c4e00000 of length 67108864.
# Possible reasons:
#   The system is out of physical RAM or swap space
#   The process is running with CompressedOops enabled, and the Java Heap may be blocking the growth of the native heap
# Possible solutions:
#   Reduce memory load on the system
#   Increase physical memory or swap space
#   Check if swap backing store is full
#   Decrease Java heap size (-Xmx/-Xms)
#   Decrease number of Java threads
#   Decrease Java thread stack sizes (-Xss)
#   Set larger code cache with -XX:ReservedCodeCacheSize=
# This output file may be truncated or incomplete.
#
#  Out of Memory Error (./src/hotspot/os/windows/os_windows.cpp:3303), pid=1232, tid=2892
#
# JRE version:  (11.0.7+10) (build )
# Java VM: OpenJDK 64-Bit Server VM (11.0.7+10, mixed mode, sharing, tiered, compressed oops, g1 gc, windows-amd64)
# No core dump will be written. Minidumps are not enabled by default on client versions of Windows
#

---------------  S U M M A R Y ------------

Command Line: artifacts/aqa-shop.jar

Host: Intel(R) Core(TM) i5-4260U CPU @ 1.40GHz, 4 cores, 3G,  Windows 8.1 , 64 bit Build 9600 (6.3.9600.17415)
Time: Fri Oct 23 00:25:29 2020 RTZ 2 (ceia) elapsed time: 0 seconds (0d 0h 0m 0s)

---------------  T H R E A D  ---------------

Current thread (0x000000467454b800):  JavaThread "Unknown thread" [_thread_in_vm, id=2892, stack(0x0000004673c00000,0x0000004673d00000)]

Stack: [0x0000004673c00000,0x0000004673d00000]
Native frames: (J=compiled Java code, j=interpreted, Vv=VM code, C=native code)
V  [jvm.dll+0x5dec5a]
V  [jvm.dll+0x71671e]
V  [jvm.dll+0x717def]
V  [jvm.dll+0x7184b3]
V  [jvm.dll+0x2409b8]
V  [jvm.dll+0x5dbf1a]
V  [jvm.dll+0x5d0c05]
V  [jvm.dll+0x2f614c]
V  [jvm.dll+0x2f5fd2]
V  [jvm.dll+0x2fac86]
V  [jvm.dll+0x33eb4f]
V  [jvm.dll+0x33e580]
V  [jvm.dll+0x2d3518]
V  [jvm.dll+0x2d4666]
V  [jvm.dll+0x6f2437]
V  [jvm.dll+0x6f3bbf]
V  [jvm.dll+0x34b8d9]
V  [jvm.dll+0x6d5aa0]
V  [jvm.dll+0x3b2c8f]
V  [jvm.dll+0x3b4f41]
C  [jli.dll+0x51fb]
C  [ucrtbase.DLL+0x1c1ae]
C  [KERNEL32.DLL+0x13d2]
C  [ntdll.dll+0x154e4]


---------------  P R O C E S S  ---------------

Threads class SMR info:
_java_thread_list=0x00000046723b9860, length=0, elements={
}

Java Threads: ( => current thread )

Other Threads:
  0x0000004674567000 GCTaskThread "GC Thread#0" [stack: 0x0000004673ee0000,0x0000004673fe0000] [id=3812]
  0x0000004674582800 ConcurrentGCThread "G1 Main Marker" [stack: 0x000000467f130000,0x000000467f230000] [id=3852]
  0x0000004674584000 ConcurrentGCThread "G1 Conc#0" [stack: 0x000000467f230000,0x000000467f330000] [id=3576]

[error occurred during error reporting (printing all threads), id 0xc0000005, EXCEPTION_ACCESS_VIOLATION (0xc0000005) at pc=0x00007ffd5fbc2b67]

VM state:not at safepoint (not fully initialized)

VM Mutex/Monitor currently owned by a thread:  ([mutex/lock_event])
[0x0000004674549860] Heap_lock - owner thread: 0x000000467454b800

Heap address: 0x00000000c0e00000, size: 1010 MB, Compressed Oops mode: Non-zero based: 0x00000000c0e00000
Narrow klass base: 0x0000000000000000, Narrow klass shift: 0

GC Heap History (0 events):
No events

Deoptimization events (0 events):
No events

Classes redefined (0 events):
No events

Internal exceptions (0 events):
No events

Events (2 events):
Event: 0.073 Loaded shared library C:\Program Files\AdoptOpenJDK\jdk-11.0.7.10-hotspot\bin\zip.dll
Event: 0.089 Loaded shared library C:\Program Files\AdoptOpenJDK\jdk-11.0.7.10-hotspot\bin\jimage.dll


Dynamic libraries:
0x00007ff6db7e0000 - 0x00007ff6db7ed000 	C:\Program Files\AdoptOpenJDK\jdk-11.0.7.10-hotspot\bin\java.exe
0x00007ffd92ab0000 - 0x00007ffd92c5d000 	C:\WINDOWS\SYSTEM32\ntdll.dll
0x00007ffd90cc0000 - 0x00007ffd90dfe000 	C:\WINDOWS\system32\KERNEL32.DLL
0x00007ffd8ff80000 - 0x00007ffd90095000 	C:\WINDOWS\system32\KERNELBASE.dll
0x00007ffd70cf0000 - 0x00007ffd70d07000 	C:\Program Files\AdoptOpenJDK\jdk-11.0.7.10-hotspot\bin\jli.dll
0x00007ffd69750000 - 0x00007ffd69765000 	C:\Program Files\AdoptOpenJDK\jdk-11.0.7.10-hotspot\bin\VCRUNTIME140.dll
0x00007ffd8baa0000 - 0x00007ffd8baa4000 	C:\Program Files\AdoptOpenJDK\jdk-11.0.7.10-hotspot\bin\api-ms-win-crt-stdio-l1-1-0.dll
0x00007ffd69740000 - 0x00007ffd69744000 	C:\Program Files\AdoptOpenJDK\jdk-11.0.7.10-hotspot\bin\api-ms-win-crt-runtime-l1-1-0.dll
0x00007ffd69730000 - 0x00007ffd69733000 	C:\Program Files\AdoptOpenJDK\jdk-11.0.7.10-hotspot\bin\api-ms-win-crt-environment-l1-1-0.dll
0x00007ffd69720000 - 0x00007ffd69725000 	C:\Program Files\AdoptOpenJDK\jdk-11.0.7.10-hotspot\bin\api-ms-win-crt-math-l1-1-0.dll
0x00007ffd68120000 - 0x00007ffd68123000 	C:\Program Files\AdoptOpenJDK\jdk-11.0.7.10-hotspot\bin\api-ms-win-crt-locale-l1-1-0.dll
0x00007ffd68110000 - 0x00007ffd68113000 	C:\Program Files\AdoptOpenJDK\jdk-11.0.7.10-hotspot\bin\api-ms-win-crt-heap-l1-1-0.dll
0x00007ffd8d330000 - 0x00007ffd8d5ab000 	C:\WINDOWS\WinSxS\amd64_microsoft.windows.common-controls_6595b64144ccf1df_6.0.9600.18006_none_623f33d3ecbe86e8\COMCTL32.dll
0x00007ffd90520000 - 0x00007ffd90697000 	C:\WINDOWS\system32\USER32.dll
0x00007ffd68100000 - 0x00007ffd68103000 	C:\Program Files\AdoptOpenJDK\jdk-11.0.7.10-hotspot\bin\api-ms-win-crt-filesystem-l1-1-0.dll
0x00007ffd680f0000 - 0x00007ffd680f4000 	C:\Program Files\AdoptOpenJDK\jdk-11.0.7.10-hotspot\bin\api-ms-win-crt-string-l1-1-0.dll
0x00007ffd680e0000 - 0x00007ffd680e4000 	C:\Program Files\AdoptOpenJDK\jdk-11.0.7.10-hotspot\bin\api-ms-win-crt-convert-l1-1-0.dll
0x00007ffd92390000 - 0x00007ffd9243a000 	C:\WINDOWS\system32\msvcrt.dll
0x00007ffd928a0000 - 0x00007ffd929eb000 	C:\WINDOWS\system32\GDI32.dll
0x00007ffd65400000 - 0x00007ffd654fa000 	C:\Program Files\AdoptOpenJDK\jdk-11.0.7.10-hotspot\bin\ucrtbase.DLL
0x00007ffd90bd0000 - 0x00007ffd90c06000 	C:\WINDOWS\system32\IMM32.DLL
0x00007ffd924a0000 - 0x00007ffd925f2000 	C:\WINDOWS\system32\MSCTF.dll
0x00007ffd68040000 - 0x00007ffd680db000 	C:\Program Files\AdoptOpenJDK\jdk-11.0.7.10-hotspot\bin\msvcp140.dll
0x00007ffd67f90000 - 0x00007ffd67f93000 	C:\Program Files\AdoptOpenJDK\jdk-11.0.7.10-hotspot\bin\api-ms-win-crt-time-l1-1-0.dll
0x00007ffd67f80000 - 0x00007ffd67f83000 	C:\Program Files\AdoptOpenJDK\jdk-11.0.7.10-hotspot\bin\api-ms-win-crt-utility-l1-1-0.dll
0x00007ffd5f8e0000 - 0x00007ffd6039c000 	C:\Program Files\AdoptOpenJDK\jdk-11.0.7.10-hotspot\bin\server\jvm.dll
0x00007ffd90c10000 - 0x00007ffd90cba000 	C:\WINDOWS\system32\ADVAPI32.dll
0x00007ffd69220000 - 0x00007ffd69229000 	C:\WINDOWS\SYSTEM32\WSOCK32.dll
0x00007ffd89340000 - 0x00007ffd89362000 	C:\WINDOWS\SYSTEM32\WINMM.dll
0x00007ffd88100000 - 0x00007ffd8810a000 	C:\WINDOWS\SYSTEM32\VERSION.dll
0x00007ffd90510000 - 0x00007ffd90517000 	C:\WINDOWS\system32\PSAPI.DLL
0x00007ffd92440000 - 0x00007ffd92499000 	C:\WINDOWS\SYSTEM32\sechost.dll
0x00007ffd90a90000 - 0x00007ffd90bd0000 	C:\WINDOWS\system32\RPCRT4.dll
0x00007ffd90e00000 - 0x00007ffd90e5a000 	C:\WINDOWS\system32\WS2_32.dll
0x00007ffd892e0000 - 0x00007ffd8930a000 	C:\WINDOWS\SYSTEM32\WINMMBASE.dll
0x00007ffd900a0000 - 0x00007ffd900ce000 	C:\WINDOWS\system32\SspiCli.dll
0x00007ffd90a20000 - 0x00007ffd90a29000 	C:\WINDOWS\system32\NSI.dll
0x00007ffd8fca0000 - 0x00007ffd8fcef000 	C:\WINDOWS\SYSTEM32\cfgmgr32.dll
0x00007ffd8e9f0000 - 0x00007ffd8ea18000 	C:\WINDOWS\SYSTEM32\DEVOBJ.dll
0x00007ffd67f70000 - 0x00007ffd67f80000 	C:\Program Files\AdoptOpenJDK\jdk-11.0.7.10-hotspot\bin\verify.dll
0x00007ffd80350000 - 0x00007ffd804d9000 	C:\WINDOWS\SYSTEM32\DBGHELP.DLL
0x00007ffd67f40000 - 0x00007ffd67f68000 	C:\Program Files\AdoptOpenJDK\jdk-11.0.7.10-hotspot\bin\java.dll
0x00007ffd67f20000 - 0x00007ffd67f36000 	C:\Program Files\AdoptOpenJDK\jdk-11.0.7.10-hotspot\bin\zip.dll
0x00007ffd67f10000 - 0x00007ffd67f1a000 	C:\Program Files\AdoptOpenJDK\jdk-11.0.7.10-hotspot\bin\jimage.dll

dbghelp: loaded successfully - version: 4.0.5 - missing functions: none
symbol engine: initialized successfully - sym options: 0x614 - pdb path: .;C:\Program Files\AdoptOpenJDK\jdk-11.0.7.10-hotspot\bin;C:\WINDOWS\SYSTEM32;C:\WINDOWS\WinSxS\amd64_microsoft.windows.common-controls_6595b64144ccf1df_6.0.9600.18006_none_623f33d3ecbe86e8;C:\Program Files\AdoptOpenJDK\jdk-11.0.7.10-hotspot\bin\server

VM Arguments:
java_command: artifacts/aqa-shop.jar
java_class_path (initial): artifacts/aqa-shop.jar
Launcher Type: SUN_STANDARD

[Global flags]
     intx CICompilerCount                          = 3                                         {product} {ergonomic}
     uint ConcGCThreads                            = 1                                         {product} {ergonomic}
     uint G1ConcRefinementThreads                  = 4                                         {product} {ergonomic}
   size_t G1HeapRegionSize                         = 1048576                                   {product} {ergonomic}
    uintx GCDrainStackTargetSize                   = 64                                        {product} {ergonomic}
   size_t InitialHeapSize                          = 67108864                                  {product} {ergonomic}
   size_t MarkStackSize                            = 4194304                                   {product} {ergonomic}
   size_t MaxHeapSize                              = 1059061760                                {product} {ergonomic}
   size_t MinHeapDeltaBytes                        = 1048576                                   {product} {ergonomic}
    uintx NonNMethodCodeHeapSize                   = 5830732                                {pd product} {ergonomic}
    uintx NonProfiledCodeHeapSize                  = 122913754                              {pd product} {ergonomic}
    uintx ProfiledCodeHeapSize                     = 122913754                              {pd product} {ergonomic}
    uintx ReservedCodeCacheSize                    = 251658240                              {pd product} {ergonomic}
     bool SegmentedCodeCache                       = true                                      {product} {ergonomic}
     bool UseCompressedClassPointers               = true                                 {lp64_product} {ergonomic}
     bool UseCompressedOops                        = true                                 {lp64_product} {ergonomic}
     bool UseG1GC                                  = true                                      {product} {ergonomic}
     bool UseLargePagesIndividualAllocation        = false                                  {pd product} {ergonomic}

Logging:
Log output configuration:
 #0: stdout all=warning uptime,level,tags
 #1: stderr all=off uptime,level,tags

Environment Variables:
PATH=C:\Program Files\AdoptOpenJDK\jdk-11.0.7.10-hotspot\bin;C:\ProgramData\Oracle\Java\javapath;C:\WINDOWS\system32;C:\WINDOWS;C:\WINDOWS\System32\Wbem;C:\WINDOWS\System32\WindowsPowerShell\v1.0\;C:\Program Files\Git\cmd;;C:\Users\nikolai\AppData\Local\Programs\Microsoft VS Code\bin
USERNAME=nikolai
OS=Windows_NT
PROCESSOR_IDENTIFIER=Intel64 Family 6 Model 69 Stepping 1, GenuineIntel



---------------  S Y S T E M  ---------------

OS: Windows 8.1 , 64 bit Build 9600 (6.3.9600.17415)
OS uptime: 0 days 0:18 hours

CPU:total 4 (initial active 4) (2 cores per cpu, 2 threads per core) family 6 model 69 stepping 1, cmov, cx8, fxsr, mmx, sse, sse2, sse3, ssse3, sse4.1, sse4.2, popcnt, avx, avx2, aes, clmul, erms, lzcnt, ht, tsc, tscinvbit, bmi1, bmi2, fma

Memory: 4k page, system-wide physical 4036M (903M free)
TotalPageFile size 4750M (AvailPageFile size 52M)
current process WorkingSet (physical memory assigned to process): 8M, peak: 8M
current process commit charge ("private bytes"): 51M, peak: 115M

vm_info: OpenJDK 64-Bit Server VM (11.0.7+10) for windows-amd64 JRE (11.0.7+10), built on Apr 22 2020 11:46:09 by "" with MS VC++ 15.9 (VS2017)

END.
